2022-12-20 14:14:46,987 - fda_baa_2023 - INFO - [main] here we go...
2022-12-20 14:30:10,792 - fda_baa_2023 - INFO - [extract_pdf] opening FY23+FDA+BAA-23-00123.pdf...
2022-12-20 14:31:23,168 - fda_baa_2023 - INFO - [extract_pdf] opening FY23+FDA+BAA-23-00123.pdf...
2022-12-20 14:33:37,553 - fda_baa_2023 - INFO - [extract_pdf] opening FY23+FDA+BAA-23-00123.pdf...
2022-12-20 14:36:02,417 - fda_baa_2023 - INFO - [extract_pdf] opening FY23+FDA+BAA-23-00123.pdf...
2022-12-20 14:36:09,527 - fda_baa_2023 - INFO - [extract_pdf] opening FY23+FDA+BAA-23-00123.pdf...
2022-12-20 14:52:29,637 - fda_baa_2023 - INFO - [extract_pdf] opening FY23+FDA+BAA-23-00123.pdf...
2022-12-20 14:52:45,541 - fda_baa_2023 - INFO - [extract_pdf] opening FY23+FDA+BAA-23-00123.pdf...
2022-12-20 14:55:05,415 - fda_baa_2023 - INFO - [extract_pdf] opening FY23+FDA+BAA-23-00123.pdf...
2022-12-21 13:10:31,842 - fda_baa_2023 - INFO - [extract_pdf] opening FY23+FDA+BAA-23-00123.pdf...
2022-12-21 13:11:59,173 - fda_baa_2023 - INFO - [extract_pdf] opening FY23+FDA+BAA-23-00123.pdf...
2022-12-21 13:16:07,320 - fda_baa_2023 - INFO - [extract_pdf] opening FY23+FDA+BAA-23-00123.pdf...
2022-12-21 13:16:28,139 - fda_baa_2023 - INFO - [extract_pdf] opening FY23+FDA+BAA-23-00123.pdf...
2022-12-21 13:17:16,346 - fda_baa_2023 - INFO - [extract_pdf] opening FY23+FDA+BAA-23-00123.pdf...
2022-12-21 13:19:52,095 - fda_baa_2023 - INFO - [extract_pdf] opening FY23+FDA+BAA-23-00123.pdf...
2022-12-21 13:21:02,308 - fda_baa_2023 - INFO - [extract_pdf] opening FY23+FDA+BAA-23-00123.pdf...
2022-12-21 13:22:02,326 - fda_baa_2023 - INFO - [extract_pdf] opening FY23+FDA+BAA-23-00123.pdf...
2022-12-21 13:26:01,910 - fda_baa_2023 - INFO - [extract_pdf] opening FY23+FDA+BAA-23-00123.pdf...
2022-12-21 13:26:02,040 - fda_baa_2023 - INFO - [get_contents] contents entries loaded: 17
2022-12-21 13:26:34,651 - fda_baa_2023 - INFO - [extract_pdf] opening FY23+FDA+BAA-23-00123.pdf...
2022-12-21 13:26:34,777 - fda_baa_2023 - INFO - [get_contents] contents entries loaded: 17
2022-12-21 13:26:56,543 - fda_baa_2023 - INFO - [extract_pdf] opening FY23+FDA+BAA-23-00123.pdf...
2022-12-21 13:26:56,669 - fda_baa_2023 - INFO - [get_contents] contents entries loaded: 17
2022-12-21 13:56:36,105 - fda_baa_2023 - INFO - [main] opening FY23+FDA+BAA-23-00123.pdf...
2022-12-21 13:56:36,281 - fda_baa_2023 - INFO - [get_contents] contents entries loaded: 17
2022-12-21 13:56:52,859 - fda_baa_2023 - INFO - [main] opening FY23+FDA+BAA-23-00123.pdf...
2022-12-21 13:56:52,997 - fda_baa_2023 - INFO - [get_contents] contents entries loaded: 17
2022-12-21 13:57:08,370 - fda_baa_2023 - INFO - [main] opening FY23+FDA+BAA-23-00123.pdf...
2022-12-21 13:57:08,516 - fda_baa_2023 - INFO - [get_contents] contents entries loaded: 17
2022-12-21 13:57:08,517 - fda_baa_2023 - INFO - [main] current section: Part I, pages: 5-32
2022-12-21 14:01:12,975 - fda_baa_2023 - INFO - [main] opening FY23+FDA+BAA-23-00123.pdf...
2022-12-21 14:01:12,985 - fda_baa_2023 - DEBUG - [get_content] retrieving contents from page: 3
2022-12-21 14:01:13,122 - fda_baa_2023 - INFO - [get_contents] contents entries loaded: 17
2022-12-21 14:01:13,122 - fda_baa_2023 - INFO - [main] current section: Part I, pages: 5-32
2022-12-21 14:01:37,395 - fda_baa_2023 - INFO - [main] opening FY23+FDA+BAA-23-00123.pdf...
2022-12-21 14:01:37,404 - fda_baa_2023 - DEBUG - [get_content] retrieving contents from page: 3
2022-12-21 14:01:37,535 - fda_baa_2023 - INFO - [get_contents] contents entries loaded: 17
2022-12-21 14:01:53,736 - fda_baa_2023 - INFO - [main] opening FY23+FDA+BAA-23-00123.pdf...
2022-12-21 14:01:53,746 - fda_baa_2023 - DEBUG - [get_content] retrieving contents from page: 3
2022-12-21 14:01:53,888 - fda_baa_2023 - INFO - [get_contents] contents entries loaded: 17
2022-12-21 14:01:53,888 - fda_baa_2023 - INFO - [main] current section: Part I, pages: 5-31
2022-12-21 14:04:29,815 - fda_baa_2023 - INFO - [main] opening FY23+FDA+BAA-23-00123.pdf...
2022-12-21 14:04:29,824 - fda_baa_2023 - DEBUG - [get_content] retrieving contents from page: 3
2022-12-21 14:04:29,954 - fda_baa_2023 - INFO - [get_contents] contents entries loaded: 17
2022-12-21 14:04:29,955 - fda_baa_2023 - INFO - [main] current section: Part I, pages: 5-31
2022-12-21 14:04:56,940 - fda_baa_2023 - INFO - [main] opening FY23+FDA+BAA-23-00123.pdf...
2022-12-21 14:04:56,950 - fda_baa_2023 - DEBUG - [get_content] retrieving contents from page: 3
2022-12-21 14:04:57,085 - fda_baa_2023 - INFO - [get_contents] contents entries loaded: 17
2022-12-21 14:04:57,085 - fda_baa_2023 - INFO - [main] current section: Part I, pages: 5-31
2022-12-21 14:05:36,429 - fda_baa_2023 - INFO - [main] opening FY23+FDA+BAA-23-00123.pdf...
2022-12-21 14:05:36,439 - fda_baa_2023 - DEBUG - [get_content] retrieving contents from page: 3
2022-12-21 14:05:36,574 - fda_baa_2023 - INFO - [get_contents] contents entries loaded: 17
2022-12-21 14:05:36,574 - fda_baa_2023 - INFO - [main] current section: Part I, pages: 5-31
2022-12-21 14:05:57,606 - fda_baa_2023 - INFO - [main] opening FY23+FDA+BAA-23-00123.pdf...
2022-12-21 14:05:57,615 - fda_baa_2023 - DEBUG - [get_content] retrieving contents from page: 3
2022-12-21 14:05:57,746 - fda_baa_2023 - INFO - [get_contents] contents entries loaded: 17
2022-12-21 14:05:57,746 - fda_baa_2023 - INFO - [main] current section: Part I, pages: 5-31
2022-12-21 14:14:56,770 - fda_baa_2023 - INFO - [main] opening FY23+FDA+BAA-23-00123.pdf...
2022-12-21 14:14:56,791 - fda_baa_2023 - DEBUG - [get_content] retrieving contents from page: 3
2022-12-21 14:14:56,921 - fda_baa_2023 - INFO - [get_contents] contents entries loaded: 17
2022-12-21 14:15:19,472 - fda_baa_2023 - INFO - [main] opening FY23+FDA+BAA-23-00123.pdf...
2022-12-21 14:15:19,485 - fda_baa_2023 - DEBUG - [get_content] retrieving contents from page: 3
2022-12-21 14:15:19,628 - fda_baa_2023 - INFO - [get_contents] contents entries loaded: 17
2022-12-21 14:15:19,628 - fda_baa_2023 - WARNING - [main] disregarding document contents
2022-12-21 14:15:19,628 - fda_baa_2023 - INFO - [main] current section: Background, pages: 4-36
2022-12-21 14:16:32,960 - fda_baa_2023 - INFO - [main] opening FY23+FDA+BAA-23-00123.pdf...
2022-12-21 14:16:32,969 - fda_baa_2023 - DEBUG - [get_content] retrieving contents from page: 3
2022-12-21 14:16:33,103 - fda_baa_2023 - INFO - [get_contents] contents entries loaded: 17
2022-12-21 14:16:33,103 - fda_baa_2023 - WARNING - [main] disregarding document contents
2022-12-21 14:16:33,104 - fda_baa_2023 - INFO - [main] current section: Background, pages: 4-36
2022-12-21 14:17:40,069 - fda_baa_2023 - INFO - [main] opening FY23+FDA+BAA-23-00123.pdf...
2022-12-21 14:17:40,079 - fda_baa_2023 - DEBUG - [get_content] retrieving contents from page: 3
2022-12-21 14:17:40,210 - fda_baa_2023 - INFO - [get_contents] contents entries loaded: 17
2022-12-21 14:17:40,210 - fda_baa_2023 - WARNING - [main] disregarding document contents
2022-12-21 14:17:40,210 - fda_baa_2023 - INFO - [main] current section: Background, pages: 4-36
2022-12-21 14:20:42,332 - fda_baa_2023 - INFO - [main] opening FY23+FDA+BAA-23-00123.pdf...
2022-12-21 14:20:42,341 - fda_baa_2023 - DEBUG - [get_content] retrieving contents from page: 3
2022-12-21 14:20:42,471 - fda_baa_2023 - INFO - [get_contents] contents entries loaded: 17
2022-12-21 14:20:42,471 - fda_baa_2023 - WARNING - [main] disregarding document contents
2022-12-21 14:20:42,471 - fda_baa_2023 - INFO - [main] current section: Background, pages: 4-36
2022-12-21 14:20:42,603 - fda_baa_2023 - INFO - [extract_section] page: 4, lines: 47
2022-12-21 14:20:42,694 - fda_baa_2023 - INFO - [extract_section] page: 5, lines: 47
2022-12-21 14:20:42,806 - fda_baa_2023 - INFO - [extract_section] page: 6, lines: 43
2022-12-21 14:20:42,850 - fda_baa_2023 - INFO - [extract_section] page: 7, lines: 22
2022-12-21 14:20:43,006 - fda_baa_2023 - INFO - [extract_section] page: 8, lines: 53
2022-12-21 14:20:43,093 - fda_baa_2023 - INFO - [extract_section] page: 9, lines: 53
2022-12-21 14:20:43,206 - fda_baa_2023 - INFO - [extract_section] page: 10, lines: 54
2022-12-21 14:20:43,301 - fda_baa_2023 - INFO - [extract_section] page: 11, lines: 56
2022-12-21 14:20:43,409 - fda_baa_2023 - INFO - [extract_section] page: 12, lines: 55
2022-12-21 14:20:43,523 - fda_baa_2023 - INFO - [extract_section] page: 13, lines: 55
2022-12-21 14:20:43,641 - fda_baa_2023 - INFO - [extract_section] page: 14, lines: 53
2022-12-21 14:20:43,742 - fda_baa_2023 - INFO - [extract_section] page: 15, lines: 56
2022-12-21 14:20:43,829 - fda_baa_2023 - INFO - [extract_section] page: 16, lines: 51
2022-12-21 14:20:43,934 - fda_baa_2023 - INFO - [extract_section] page: 17, lines: 55
2022-12-21 14:20:44,058 - fda_baa_2023 - INFO - [extract_section] page: 18, lines: 55
2022-12-21 14:20:44,160 - fda_baa_2023 - INFO - [extract_section] page: 19, lines: 56
2022-12-21 14:20:44,262 - fda_baa_2023 - INFO - [extract_section] page: 20, lines: 56
2022-12-21 14:20:44,369 - fda_baa_2023 - INFO - [extract_section] page: 21, lines: 57
2022-12-21 14:20:44,491 - fda_baa_2023 - INFO - [extract_section] page: 22, lines: 56
2022-12-21 14:20:44,578 - fda_baa_2023 - INFO - [extract_section] page: 23, lines: 54
2022-12-21 14:20:44,672 - fda_baa_2023 - INFO - [extract_section] page: 24, lines: 55
2022-12-21 14:20:44,778 - fda_baa_2023 - INFO - [extract_section] page: 25, lines: 55
2022-12-21 14:20:44,897 - fda_baa_2023 - INFO - [extract_section] page: 26, lines: 56
2022-12-21 14:20:44,998 - fda_baa_2023 - INFO - [extract_section] page: 27, lines: 54
2022-12-21 14:20:45,107 - fda_baa_2023 - INFO - [extract_section] page: 28, lines: 57
2022-12-21 14:20:45,211 - fda_baa_2023 - INFO - [extract_section] page: 29, lines: 57
2022-12-21 14:20:45,335 - fda_baa_2023 - INFO - [extract_section] page: 30, lines: 56
2022-12-21 14:20:45,446 - fda_baa_2023 - INFO - [extract_section] page: 31, lines: 55
2022-12-21 14:20:45,547 - fda_baa_2023 - INFO - [extract_section] page: 32, lines: 54
2022-12-21 14:20:45,658 - fda_baa_2023 - INFO - [extract_section] page: 33, lines: 57
2022-12-21 14:20:45,709 - fda_baa_2023 - INFO - [extract_section] page: 34, lines: 27
2022-12-21 14:20:45,868 - fda_baa_2023 - INFO - [extract_section] page: 35, lines: 51
2022-12-21 14:20:45,981 - fda_baa_2023 - INFO - [extract_section] page: 36, lines: 48
2022-12-21 14:32:23,413 - fda_baa_2023 - INFO - [main] opening FY23+FDA+BAA-23-00123.pdf...
2022-12-21 14:32:23,423 - fda_baa_2023 - DEBUG - [get_content] retrieving contents from page: 3
2022-12-21 14:32:23,553 - fda_baa_2023 - INFO - [get_contents] contents entries loaded: 17
2022-12-21 14:32:23,553 - fda_baa_2023 - WARNING - [main] disregarding document contents
2022-12-21 14:32:23,553 - fda_baa_2023 - INFO - [main] current section: Background, pages: 4-36
2022-12-21 14:32:23,677 - fda_baa_2023 - INFO - [extract_section] page: 4, lines: 47
2022-12-21 14:32:23,770 - fda_baa_2023 - INFO - [extract_section] page: 5, lines: 47
2022-12-21 14:32:23,875 - fda_baa_2023 - INFO - [extract_section] page: 6, lines: 43
2022-12-21 14:32:23,924 - fda_baa_2023 - INFO - [extract_section] page: 7, lines: 22
2022-12-21 14:32:24,083 - fda_baa_2023 - INFO - [extract_section] page: 8, lines: 53
2022-12-21 14:32:24,170 - fda_baa_2023 - INFO - [extract_section] page: 9, lines: 53
2022-12-21 14:32:24,282 - fda_baa_2023 - INFO - [extract_section] page: 10, lines: 54
2022-12-21 14:32:24,376 - fda_baa_2023 - INFO - [extract_section] page: 11, lines: 56
2022-12-21 14:32:24,481 - fda_baa_2023 - INFO - [extract_section] page: 12, lines: 55
2022-12-21 14:32:24,593 - fda_baa_2023 - INFO - [extract_section] page: 13, lines: 55
2022-12-21 14:32:24,704 - fda_baa_2023 - INFO - [extract_section] page: 14, lines: 53
2022-12-21 14:32:24,804 - fda_baa_2023 - INFO - [extract_section] page: 15, lines: 56
2022-12-21 14:32:24,887 - fda_baa_2023 - INFO - [extract_section] page: 16, lines: 51
2022-12-21 14:32:24,988 - fda_baa_2023 - INFO - [extract_section] page: 17, lines: 55
2022-12-21 14:32:25,114 - fda_baa_2023 - INFO - [extract_section] page: 18, lines: 55
2022-12-21 14:32:25,216 - fda_baa_2023 - INFO - [extract_section] page: 19, lines: 56
2022-12-21 14:32:25,318 - fda_baa_2023 - INFO - [extract_section] page: 20, lines: 56
2022-12-21 14:32:25,424 - fda_baa_2023 - INFO - [extract_section] page: 21, lines: 57
2022-12-21 14:32:25,542 - fda_baa_2023 - INFO - [extract_section] page: 22, lines: 56
2022-12-21 14:32:25,627 - fda_baa_2023 - INFO - [extract_section] page: 23, lines: 54
2022-12-21 14:32:25,722 - fda_baa_2023 - INFO - [extract_section] page: 24, lines: 55
2022-12-21 14:32:25,827 - fda_baa_2023 - INFO - [extract_section] page: 25, lines: 55
2022-12-21 14:32:25,948 - fda_baa_2023 - INFO - [extract_section] page: 26, lines: 56
2022-12-21 14:32:26,046 - fda_baa_2023 - INFO - [extract_section] page: 27, lines: 54
2022-12-21 14:32:26,153 - fda_baa_2023 - INFO - [extract_section] page: 28, lines: 57
2022-12-21 14:32:26,256 - fda_baa_2023 - INFO - [extract_section] page: 29, lines: 57
2022-12-21 14:32:26,378 - fda_baa_2023 - INFO - [extract_section] page: 30, lines: 56
2022-12-21 14:32:26,487 - fda_baa_2023 - INFO - [extract_section] page: 31, lines: 55
2022-12-21 14:32:26,587 - fda_baa_2023 - INFO - [extract_section] page: 32, lines: 54
2022-12-21 14:32:26,699 - fda_baa_2023 - INFO - [extract_section] page: 33, lines: 57
2022-12-21 14:32:26,749 - fda_baa_2023 - INFO - [extract_section] page: 34, lines: 27
2022-12-21 14:32:26,909 - fda_baa_2023 - INFO - [extract_section] page: 35, lines: 51
2022-12-21 14:32:27,021 - fda_baa_2023 - INFO - [extract_section] page: 36, lines: 48
2022-12-21 14:32:27,021 - fda_baa_2023 - DEBUG - [extract_pages] total pages: 33, total lines: 1716
2022-12-21 14:32:27,033 - fda_baa_2023 - INFO - [export] text written to: FY23+FDA+BAA-23-00123.txt
2022-12-21 14:34:22,876 - fda_baa_2023 - INFO - [main] opening FY23+FDA+BAA-23-00123.pdf...
2022-12-21 14:34:22,897 - fda_baa_2023 - DEBUG - [get_content] retrieving contents from page: 3
2022-12-21 14:34:23,024 - fda_baa_2023 - INFO - [get_contents] contents entries loaded: 17
2022-12-21 14:34:23,025 - fda_baa_2023 - WARNING - [main] disregarding document contents
2022-12-21 14:34:23,025 - fda_baa_2023 - INFO - [main] current section: Background, pages: 4-36
2022-12-21 14:34:23,147 - fda_baa_2023 - INFO - [extract_section] page: 4, lines: 47
2022-12-21 14:34:23,238 - fda_baa_2023 - INFO - [extract_section] page: 5, lines: 47
2022-12-21 14:34:23,341 - fda_baa_2023 - INFO - [extract_section] page: 6, lines: 43
2022-12-21 14:34:23,386 - fda_baa_2023 - INFO - [extract_section] page: 7, lines: 22
2022-12-21 14:34:23,542 - fda_baa_2023 - INFO - [extract_section] page: 8, lines: 53
2022-12-21 14:34:23,628 - fda_baa_2023 - INFO - [extract_section] page: 9, lines: 53
2022-12-21 14:34:23,755 - fda_baa_2023 - INFO - [extract_section] page: 10, lines: 54
2022-12-21 14:34:23,849 - fda_baa_2023 - INFO - [extract_section] page: 11, lines: 56
2022-12-21 14:34:23,957 - fda_baa_2023 - INFO - [extract_section] page: 12, lines: 55
2022-12-21 14:34:24,072 - fda_baa_2023 - INFO - [extract_section] page: 13, lines: 55
2022-12-21 14:34:24,183 - fda_baa_2023 - INFO - [extract_section] page: 14, lines: 53
2022-12-21 14:34:24,283 - fda_baa_2023 - INFO - [extract_section] page: 15, lines: 56
2022-12-21 14:34:24,366 - fda_baa_2023 - INFO - [extract_section] page: 16, lines: 51
2022-12-21 14:34:24,468 - fda_baa_2023 - INFO - [extract_section] page: 17, lines: 55
2022-12-21 14:34:24,593 - fda_baa_2023 - INFO - [extract_section] page: 18, lines: 55
2022-12-21 14:34:24,712 - fda_baa_2023 - INFO - [extract_section] page: 19, lines: 56
2022-12-21 14:34:24,814 - fda_baa_2023 - INFO - [extract_section] page: 20, lines: 56
2022-12-21 14:34:24,919 - fda_baa_2023 - INFO - [extract_section] page: 21, lines: 57
2022-12-21 14:34:25,037 - fda_baa_2023 - INFO - [extract_section] page: 22, lines: 56
2022-12-21 14:34:25,121 - fda_baa_2023 - INFO - [extract_section] page: 23, lines: 54
2022-12-21 14:34:25,217 - fda_baa_2023 - INFO - [extract_section] page: 24, lines: 55
2022-12-21 14:34:25,321 - fda_baa_2023 - INFO - [extract_section] page: 25, lines: 55
2022-12-21 14:34:25,442 - fda_baa_2023 - INFO - [extract_section] page: 26, lines: 56
2022-12-21 14:34:25,545 - fda_baa_2023 - INFO - [extract_section] page: 27, lines: 54
2022-12-21 14:34:25,653 - fda_baa_2023 - INFO - [extract_section] page: 28, lines: 57
2022-12-21 14:34:25,757 - fda_baa_2023 - INFO - [extract_section] page: 29, lines: 57
2022-12-21 14:34:25,880 - fda_baa_2023 - INFO - [extract_section] page: 30, lines: 56
2022-12-21 14:34:25,988 - fda_baa_2023 - INFO - [extract_section] page: 31, lines: 55
2022-12-21 14:34:26,087 - fda_baa_2023 - INFO - [extract_section] page: 32, lines: 54
2022-12-21 14:34:26,196 - fda_baa_2023 - INFO - [extract_section] page: 33, lines: 57
2022-12-21 14:34:26,245 - fda_baa_2023 - INFO - [extract_section] page: 34, lines: 27
2022-12-21 14:34:26,407 - fda_baa_2023 - INFO - [extract_section] page: 35, lines: 51
2022-12-21 14:34:26,519 - fda_baa_2023 - INFO - [extract_section] page: 36, lines: 48
2022-12-21 14:34:26,520 - fda_baa_2023 - DEBUG - [extract_pages] total pages: 33, total lines: 1716
2022-12-21 14:34:26,522 - fda_baa_2023 - INFO - [export] text written to: FY23+FDA+BAA-23-00123.txt
2022-12-21 14:36:55,114 - fda_baa_2023 - INFO - [main] opening FY23+FDA+BAA-23-00123.pdf...
2022-12-21 14:36:55,124 - fda_baa_2023 - DEBUG - [get_content] retrieving contents from page: 3
2022-12-21 14:36:55,256 - fda_baa_2023 - INFO - [get_contents] contents entries loaded: 17
2022-12-21 14:36:55,257 - fda_baa_2023 - WARNING - [main] disregarding document contents
2022-12-21 14:36:55,257 - fda_baa_2023 - INFO - [main] current section: Background, pages: 4-36
2022-12-21 14:36:55,383 - fda_baa_2023 - INFO - [extract_section] page: 4, lines: 1
2022-12-21 14:36:55,473 - fda_baa_2023 - INFO - [extract_section] page: 5, lines: 1
2022-12-21 14:36:55,579 - fda_baa_2023 - INFO - [extract_section] page: 6, lines: 1
2022-12-21 14:36:55,622 - fda_baa_2023 - INFO - [extract_section] page: 7, lines: 1
2022-12-21 14:36:55,779 - fda_baa_2023 - INFO - [extract_section] page: 8, lines: 1
2022-12-21 14:36:55,868 - fda_baa_2023 - INFO - [extract_section] page: 9, lines: 1
2022-12-21 14:36:55,980 - fda_baa_2023 - INFO - [extract_section] page: 10, lines: 1
2022-12-21 14:36:56,085 - fda_baa_2023 - INFO - [extract_section] page: 11, lines: 1
2022-12-21 14:36:56,192 - fda_baa_2023 - INFO - [extract_section] page: 12, lines: 1
2022-12-21 14:36:56,305 - fda_baa_2023 - INFO - [extract_section] page: 13, lines: 1
2022-12-21 14:36:56,419 - fda_baa_2023 - INFO - [extract_section] page: 14, lines: 1
2022-12-21 14:36:56,520 - fda_baa_2023 - INFO - [extract_section] page: 15, lines: 1
2022-12-21 14:36:56,607 - fda_baa_2023 - INFO - [extract_section] page: 16, lines: 1
2022-12-21 14:36:56,709 - fda_baa_2023 - INFO - [extract_section] page: 17, lines: 1
2022-12-21 14:36:56,834 - fda_baa_2023 - INFO - [extract_section] page: 18, lines: 1
2022-12-21 14:36:56,936 - fda_baa_2023 - INFO - [extract_section] page: 19, lines: 1
2022-12-21 14:36:57,036 - fda_baa_2023 - INFO - [extract_section] page: 20, lines: 1
2022-12-21 14:36:57,145 - fda_baa_2023 - INFO - [extract_section] page: 21, lines: 1
2022-12-21 14:36:57,266 - fda_baa_2023 - INFO - [extract_section] page: 22, lines: 1
2022-12-21 14:36:57,353 - fda_baa_2023 - INFO - [extract_section] page: 23, lines: 1
2022-12-21 14:36:57,448 - fda_baa_2023 - INFO - [extract_section] page: 24, lines: 1
2022-12-21 14:36:57,553 - fda_baa_2023 - INFO - [extract_section] page: 25, lines: 1
2022-12-21 14:36:57,673 - fda_baa_2023 - INFO - [extract_section] page: 26, lines: 1
2022-12-21 14:36:57,771 - fda_baa_2023 - INFO - [extract_section] page: 27, lines: 1
2022-12-21 14:36:57,879 - fda_baa_2023 - INFO - [extract_section] page: 28, lines: 1
2022-12-21 14:36:57,982 - fda_baa_2023 - INFO - [extract_section] page: 29, lines: 1
2022-12-21 14:36:58,124 - fda_baa_2023 - INFO - [extract_section] page: 30, lines: 1
2022-12-21 14:36:58,237 - fda_baa_2023 - INFO - [extract_section] page: 31, lines: 1
2022-12-21 14:36:58,338 - fda_baa_2023 - INFO - [extract_section] page: 32, lines: 1
2022-12-21 14:36:58,450 - fda_baa_2023 - INFO - [extract_section] page: 33, lines: 1
2022-12-21 14:36:58,499 - fda_baa_2023 - INFO - [extract_section] page: 34, lines: 1
2022-12-21 14:36:58,661 - fda_baa_2023 - INFO - [extract_section] page: 35, lines: 1
2022-12-21 14:36:58,774 - fda_baa_2023 - INFO - [extract_section] page: 36, lines: 1
2022-12-21 14:36:58,775 - fda_baa_2023 - DEBUG - [extract_pages] total pages: 33, total lines: 33
2022-12-21 14:36:58,778 - fda_baa_2023 - INFO - [export] text written to: FY23+FDA+BAA-23-00123.txt
2022-12-21 14:38:14,155 - fda_baa_2023 - INFO - [main] opening FY23+FDA+BAA-23-00123.pdf...
2022-12-21 14:38:14,165 - fda_baa_2023 - DEBUG - [get_content] retrieving contents from page: 3
2022-12-21 14:38:14,294 - fda_baa_2023 - INFO - [get_contents] contents entries loaded: 17
2022-12-21 14:38:14,294 - fda_baa_2023 - WARNING - [main] disregarding document contents
2022-12-21 14:38:14,294 - fda_baa_2023 - INFO - [main] current section: Background, pages: 4-36
2022-12-21 14:38:14,447 - fda_baa_2023 - INFO - [extract_section] page: 4, lines: 47
2022-12-21 14:38:14,536 - fda_baa_2023 - INFO - [extract_section] page: 5, lines: 47
2022-12-21 14:38:14,653 - fda_baa_2023 - INFO - [extract_section] page: 6, lines: 43
2022-12-21 14:38:14,698 - fda_baa_2023 - INFO - [extract_section] page: 7, lines: 22
2022-12-21 14:38:14,857 - fda_baa_2023 - INFO - [extract_section] page: 8, lines: 53
2022-12-21 14:38:14,944 - fda_baa_2023 - INFO - [extract_section] page: 9, lines: 53
2022-12-21 14:38:15,057 - fda_baa_2023 - INFO - [extract_section] page: 10, lines: 54
2022-12-21 14:38:15,151 - fda_baa_2023 - INFO - [extract_section] page: 11, lines: 56
2022-12-21 14:38:15,258 - fda_baa_2023 - INFO - [extract_section] page: 12, lines: 55
2022-12-21 14:38:15,369 - fda_baa_2023 - INFO - [extract_section] page: 13, lines: 55
2022-12-21 14:38:15,487 - fda_baa_2023 - INFO - [extract_section] page: 14, lines: 53
2022-12-21 14:38:15,586 - fda_baa_2023 - INFO - [extract_section] page: 15, lines: 56
2022-12-21 14:38:15,668 - fda_baa_2023 - INFO - [extract_section] page: 16, lines: 51
2022-12-21 14:38:15,772 - fda_baa_2023 - INFO - [extract_section] page: 17, lines: 55
2022-12-21 14:38:15,901 - fda_baa_2023 - INFO - [extract_section] page: 18, lines: 55
2022-12-21 14:38:16,001 - fda_baa_2023 - INFO - [extract_section] page: 19, lines: 56
2022-12-21 14:38:16,112 - fda_baa_2023 - INFO - [extract_section] page: 20, lines: 56
2022-12-21 14:38:16,218 - fda_baa_2023 - INFO - [extract_section] page: 21, lines: 57
2022-12-21 14:38:16,337 - fda_baa_2023 - INFO - [extract_section] page: 22, lines: 56
2022-12-21 14:38:16,423 - fda_baa_2023 - INFO - [extract_section] page: 23, lines: 54
2022-12-21 14:38:16,518 - fda_baa_2023 - INFO - [extract_section] page: 24, lines: 55
2022-12-21 14:38:16,621 - fda_baa_2023 - INFO - [extract_section] page: 25, lines: 55
2022-12-21 14:38:16,742 - fda_baa_2023 - INFO - [extract_section] page: 26, lines: 56
2022-12-21 14:38:16,841 - fda_baa_2023 - INFO - [extract_section] page: 27, lines: 54
2022-12-21 14:38:16,949 - fda_baa_2023 - INFO - [extract_section] page: 28, lines: 57
2022-12-21 14:38:17,054 - fda_baa_2023 - INFO - [extract_section] page: 29, lines: 57
2022-12-21 14:38:17,177 - fda_baa_2023 - INFO - [extract_section] page: 30, lines: 56
2022-12-21 14:38:17,286 - fda_baa_2023 - INFO - [extract_section] page: 31, lines: 55
2022-12-21 14:38:17,384 - fda_baa_2023 - INFO - [extract_section] page: 32, lines: 54
2022-12-21 14:38:17,496 - fda_baa_2023 - INFO - [extract_section] page: 33, lines: 57
2022-12-21 14:38:17,543 - fda_baa_2023 - INFO - [extract_section] page: 34, lines: 27
2022-12-21 14:38:17,704 - fda_baa_2023 - INFO - [extract_section] page: 35, lines: 51
2022-12-21 14:38:17,817 - fda_baa_2023 - INFO - [extract_section] page: 36, lines: 48
2022-12-21 14:38:17,817 - fda_baa_2023 - DEBUG - [extract_pages] total pages: 33, total lines: 1716
2022-12-21 14:38:17,820 - fda_baa_2023 - INFO - [export] text written to: FY23+FDA+BAA-23-00123.txt
