2023-02-03 20:00:48,521 - state_pages - DEBUG - [load_expansion_data] states loaded: 51
2023-02-03 20:43:55,232 - state_pages - DEBUG - [load_expansion_data] states loaded: 51
2023-02-03 20:43:55,233 - state_pages - INFO - [build_state_data] pages: 60, maps: 60
2023-02-03 20:52:05,621 - state_pages - DEBUG - [load_expansion_data] states loaded: 51
2023-02-03 20:52:05,622 - state_pages - INFO - [build_state_data] pages: 60, maps: 60
2023-02-03 20:52:05,702 - state_pages - INFO - [publish_state_pages] pages written: 60
2023-02-03 20:52:05,703 - state_pages - DEBUG - [publish_map_data] file written: stateData2.js
2023-02-03 20:54:01,119 - state_pages - DEBUG - [load_expansion_data] states loaded: 51
2023-02-03 20:54:01,119 - state_pages - INFO - [build_state_data] pages: 60, maps: 60
2023-02-03 20:54:01,167 - state_pages - INFO - [publish_state_pages] pages written: 60
2023-02-03 20:54:01,168 - state_pages - DEBUG - [publish_map_data] file written: statedata2.js
2023-02-03 20:54:56,706 - state_pages - DEBUG - [load_expansion_data] states loaded: 51
2023-02-03 20:54:56,706 - state_pages - INFO - [build_state_data] pages: 60, maps: 60
2023-02-03 20:54:56,752 - state_pages - INFO - [publish_state_pages] pages written: 60
2023-02-03 20:54:56,753 - state_pages - DEBUG - [publish_map_data] file written: statedata2.js
2023-02-03 21:00:00,421 - state_pages - DEBUG - [load_expansion_data] states loaded: 51
2023-02-03 21:00:00,422 - state_pages - INFO - [build_state_data] pages: 59, maps: 59
2023-02-03 21:00:00,463 - state_pages - INFO - [publish_state_pages] pages written: 59
2023-02-03 21:00:00,464 - state_pages - DEBUG - [publish_map_data] file written: statedata2.js
2023-02-03 21:03:39,587 - state_pages - DEBUG - [load_expansion_data] states loaded: 51
2023-02-03 21:03:39,587 - state_pages - INFO - [build_state_data] pages: 59, maps: 59
2023-02-03 21:03:39,645 - state_pages - INFO - [publish_state_pages] pages written: 59
2023-02-03 21:03:39,646 - state_pages - DEBUG - [publish_map_data] file written: statedata2.js
2023-02-03 21:08:27,351 - state_pages - DEBUG - [load_expansion_data] states loaded: 51
2023-02-03 21:08:27,352 - state_pages - INFO - [build_state_data] pages: 59, maps: 59
2023-02-03 21:08:27,399 - state_pages - INFO - [publish_state_pages] pages written: 59
2023-02-03 21:08:27,408 - state_pages - DEBUG - [publish_map_data] file written: statedata2.js
